<?xml version="1.0" encoding="UTF-8"?>
<!-- Generated by org.testng.reporters.JUnitXMLReporter -->
<testsuite ignored="0" hostname="KIN-06" failures="0" tests="4" name="Default test" time="31.936" errors="0" timestamp="2025-01-05T19:53:33 PKT">
  <testcase classname="LoginTest" name="enterUsernameWithEmptyPasswordErrorMessage" time="0.665"/>
  <testcase classname="LoginTest" name="testLogOut" time="7.149"/>
  <testcase classname="LoginTest" name="testLogin" time="3.296"/>
  <testcase classname="LoginTest" name="validationErrorMessage" time="0.636"/>
</testsuite> <!-- Default test -->
