<?xml version="1.0" encoding="UTF-8"?>
<!-- Generated by org.testng.reporters.JUnitXMLReporter -->
<testsuite ignored="0" hostname="KIN-06" failures="0" tests="4" name="LoginTests" time="53.991" errors="0" timestamp="2025-01-05T20:01:21 PKT">
  <testcase classname="LoginTest" name="testLogin" time="3.233"/>
  <testcase classname="LoginTest" name="testLogOut" time="7.763"/>
  <testcase classname="LoginTest" name="validationErrorMessage" time="1.991"/>
  <testcase classname="LoginTest" name="enterUsernameWithEmptyPasswordErrorMessage" time="2.845"/>
</testsuite> <!-- LoginTests -->
